<?xml version="1.0" encoding="UTF-8"?>
<!-- Generated by org.testng.reporters.JUnitXMLReporter -->
<testsuite ignored="0" hostname="Porous-Monster" failures="0" tests="3" name="Test" time="13.113" errors="0" timestamp="2024-12-11T02:03:05 IST">
  <testcase classname="com.test.orangehrmtest" name="logintest" time="7.616"/>
  <testcase classname="com.test.orangehrmtest" name="directory" time="1.856"/>
  <testcase classname="com.test.orangehrmtest" name="logout" time="3.592"/>
</testsuite> <!-- Test -->
