<?xml version="1.0" encoding="UTF-8"?>
<testng-results ignored="0" total="1" passed="1" failed="0" skipped="0">
  <reporter-output>
  </reporter-output>
  <suite started-at="2024-12-18T19:27:12 IST" name="Suite" finished-at="2024-12-18T19:27:15 IST" duration-ms="3316">
    <groups>
    </groups>
    <test started-at="2024-12-18T19:27:12 IST" name="Test" finished-at="2024-12-18T19:27:15 IST" duration-ms="3316">
      <class name="com.test.pom.test.logintest">
        <test-method is-config="true" signature="initDriver()[pri:0, instance:com.test.pom.test.logintest@ae13544]" started-at="2024-12-18T19:27:07 IST" name="initDriver" finished-at="2024-12-18T19:27:12 IST" duration-ms="5148" status="PASS">
          <reporter-output>
          </reporter-output>
        </test-method> <!-- initDriver -->
        <test-method signature="loginwithvalidusername()[pri:0, instance:com.test.pom.test.logintest@ae13544]" started-at="2024-12-18T19:27:12 IST" name="loginwithvalidusername" finished-at="2024-12-18T19:27:15 IST" duration-ms="3285" status="PASS">
          <reporter-output>
          </reporter-output>
        </test-method> <!-- loginwithvalidusername -->
      </class> <!-- com.test.pom.test.logintest -->
    </test> <!-- Test -->
  </suite> <!-- Suite -->
</testng-results>
