<?xml version="1.0" encoding="UTF-8"?>
<testng-results ignored="0" total="3" passed="3" failed="0" skipped="0">
  <reporter-output>
  </reporter-output>
  <suite started-at="2024-12-11T02:02:52 IST" name="Suite" finished-at="2024-12-11T02:03:05 IST" duration-ms="13113">
    <groups>
    </groups>
    <test started-at="2024-12-11T02:02:52 IST" name="Test" finished-at="2024-12-11T02:03:05 IST" duration-ms="13113">
      <class name="com.test.orangehrmtest">
        <test-method signature="logintest()[pri:1, instance:com.test.orangehrmtest@38c6f217]" started-at="2024-12-11T02:02:52 IST" name="logintest" finished-at="2024-12-11T02:03:00 IST" duration-ms="7616" status="PASS">
          <reporter-output>
          </reporter-output>
        </test-method> <!-- logintest -->
        <test-method signature="directory()[pri:2, instance:com.test.orangehrmtest@38c6f217]" started-at="2024-12-11T02:03:00 IST" name="directory" finished-at="2024-12-11T02:03:02 IST" depends-on-methods="com.test.orangehrmtest.logintest" duration-ms="1856" status="PASS">
          <reporter-output>
          </reporter-output>
        </test-method> <!-- directory -->
        <test-method signature="logout()[pri:3, instance:com.test.orangehrmtest@38c6f217]" started-at="2024-12-11T02:03:02 IST" name="logout" finished-at="2024-12-11T02:03:05 IST" depends-on-methods="com.test.orangehrmtest.logintest" duration-ms="3592" status="PASS">
          <reporter-output>
          </reporter-output>
        </test-method> <!-- logout -->
      </class> <!-- com.test.orangehrmtest -->
    </test> <!-- Test -->
  </suite> <!-- Suite -->
</testng-results>
